<?xml version="1.0" encoding="UTF-8"?>
<testsuite name="ke.co.lawrencekaranja.covidvaccinetracker.vaccinetracker.controllers.PopulationControllerTest" tests="1" skipped="0" failures="0" errors="0" timestamp="2021-02-23T11:45:04" hostname="Zeuss-MacBook-Pro.local" time="0.493">
  <properties/>
  <testcase name="contextLoads()" classname="ke.co.lawrencekaranja.covidvaccinetracker.vaccinetracker.controllers.PopulationControllerTest" time="0.493"/>
  <system-out><![CDATA[14:44:56.124 [Test worker] DEBUG org.springframework.test.context.BootstrapUtils - Instantiating CacheAwareContextLoaderDelegate from class [org.springframework.test.context.cache.DefaultCacheAwareContextLoaderDelegate]
14:44:56.146 [Test worker] DEBUG org.springframework.test.context.BootstrapUtils - Instantiating BootstrapContext using constructor [public org.springframework.test.context.support.DefaultBootstrapContext(java.lang.Class,org.springframework.test.context.CacheAwareContextLoaderDelegate)]
14:44:56.229 [Test worker] DEBUG org.springframework.test.context.BootstrapUtils - Instantiating TestContextBootstrapper for test class [ke.co.lawrencekaranja.covidvaccinetracker.vaccinetracker.controllers.PopulationControllerTest] from class [org.springframework.boot.test.context.SpringBootTestContextBootstrapper]
14:44:56.254 [Test worker] INFO org.springframework.boot.test.context.SpringBootTestContextBootstrapper - Neither @ContextConfiguration nor @ContextHierarchy found for test class [ke.co.lawrencekaranja.covidvaccinetracker.vaccinetracker.controllers.PopulationControllerTest], using SpringBootContextLoader
14:44:56.260 [Test worker] DEBUG org.springframework.test.context.support.AbstractContextLoader - Did not detect default resource location for test class [ke.co.lawrencekaranja.covidvaccinetracker.vaccinetracker.controllers.PopulationControllerTest]: class path resource [ke/co/lawrencekaranja/covidvaccinetracker/vaccinetracker/controllers/PopulationControllerTest-context.xml] does not exist
14:44:56.262 [Test worker] DEBUG org.springframework.test.context.support.AbstractContextLoader - Did not detect default resource location for test class [ke.co.lawrencekaranja.covidvaccinetracker.vaccinetracker.controllers.PopulationControllerTest]: class path resource [ke/co/lawrencekaranja/covidvaccinetracker/vaccinetracker/controllers/PopulationControllerTestContext.groovy] does not exist
14:44:56.263 [Test worker] INFO org.springframework.test.context.support.AbstractContextLoader - Could not detect default resource locations for test class [ke.co.lawrencekaranja.covidvaccinetracker.vaccinetracker.controllers.PopulationControllerTest]: no resource found for suffixes {-context.xml, Context.groovy}.
14:44:56.265 [Test worker] INFO org.springframework.test.context.support.AnnotationConfigContextLoaderUtils - Could not detect default configuration classes for test class [ke.co.lawrencekaranja.covidvaccinetracker.vaccinetracker.controllers.PopulationControllerTest]: PopulationControllerTest does not declare any static, non-private, non-final, nested classes annotated with @Configuration.
14:44:56.339 [Test worker] DEBUG org.springframework.test.context.support.ActiveProfilesUtils - Could not find an 'annotation declaring class' for annotation type [org.springframework.test.context.ActiveProfiles] and class [ke.co.lawrencekaranja.covidvaccinetracker.vaccinetracker.controllers.PopulationControllerTest]
14:44:56.465 [Test worker] DEBUG org.springframework.context.annotation.ClassPathScanningCandidateComponentProvider - Identified candidate component class: file [/Users/zeus/Documents/Personal/Backends/vaccinetracker/build/classes/java/main/ke/co/lawrencekaranja/covidvaccinetracker/vaccinetracker/VaccinetrackerApplication.class]
14:44:56.467 [Test worker] INFO org.springframework.boot.test.context.SpringBootTestContextBootstrapper - Found @SpringBootConfiguration ke.co.lawrencekaranja.covidvaccinetracker.vaccinetracker.VaccinetrackerApplication for test class ke.co.lawrencekaranja.covidvaccinetracker.vaccinetracker.controllers.PopulationControllerTest
14:44:56.612 [Test worker] DEBUG org.springframework.boot.test.context.SpringBootTestContextBootstrapper - @TestExecutionListeners is not present for class [ke.co.lawrencekaranja.covidvaccinetracker.vaccinetracker.controllers.PopulationControllerTest]: using defaults.
14:44:56.613 [Test worker] INFO org.springframework.boot.test.context.SpringBootTestContextBootstrapper - Loaded default TestExecutionListener class names from location [META-INF/spring.factories]: [org.springframework.boot.test.autoconfigure.restdocs.RestDocsTestExecutionListener, org.springframework.boot.test.autoconfigure.web.client.MockRestServiceServerResetTestExecutionListener, org.springframework.boot.test.autoconfigure.web.servlet.MockMvcPrintOnlyOnFailureTestExecutionListener, org.springframework.boot.test.autoconfigure.web.servlet.WebDriverTestExecutionListener, org.springframework.boot.test.autoconfigure.webservices.client.MockWebServiceServerTestExecutionListener, org.springframework.boot.test.mock.mockito.MockitoTestExecutionListener, org.springframework.boot.test.mock.mockito.ResetMocksTestExecutionListener, org.springframework.test.context.web.ServletTestExecutionListener, org.springframework.test.context.support.DirtiesContextBeforeModesTestExecutionListener, org.springframework.test.context.event.ApplicationEventsTestExecutionListener, org.springframework.test.context.support.DependencyInjectionTestExecutionListener, org.springframework.test.context.support.DirtiesContextTestExecutionListener, org.springframework.test.context.transaction.TransactionalTestExecutionListener, org.springframework.test.context.jdbc.SqlScriptsTestExecutionListener, org.springframework.test.context.event.EventPublishingTestExecutionListener]
14:44:56.638 [Test worker] INFO org.springframework.boot.test.context.SpringBootTestContextBootstrapper - Using TestExecutionListeners: [org.springframework.test.context.web.ServletTestExecutionListener@610ad87d, org.springframework.test.context.support.DirtiesContextBeforeModesTestExecutionListener@378f32ef, org.springframework.test.context.event.ApplicationEventsTestExecutionListener@c57119, org.springframework.boot.test.mock.mockito.MockitoTestExecutionListener@77a98733, org.springframework.boot.test.autoconfigure.SpringBootDependencyInjectionTestExecutionListener@4057608b, org.springframework.test.context.support.DirtiesContextTestExecutionListener@e012a24, org.springframework.test.context.transaction.TransactionalTestExecutionListener@2567cf44, org.springframework.test.context.jdbc.SqlScriptsTestExecutionListener@1e4c54c4, org.springframework.test.context.event.EventPublishingTestExecutionListener@65643cbe, org.springframework.boot.test.autoconfigure.restdocs.RestDocsTestExecutionListener@62b36a3c, org.springframework.boot.test.autoconfigure.web.client.MockRestServiceServerResetTestExecutionListener@793584c1, org.springframework.boot.test.autoconfigure.web.servlet.MockMvcPrintOnlyOnFailureTestExecutionListener@5a31557, org.springframework.boot.test.autoconfigure.web.servlet.WebDriverTestExecutionListener@41665891, org.springframework.boot.test.autoconfigure.webservices.client.MockWebServiceServerTestExecutionListener@38fd380b, org.springframework.boot.test.mock.mockito.ResetMocksTestExecutionListener@6d3ba059]
14:44:56.647 [Test worker] DEBUG org.springframework.test.context.support.AbstractDirtiesContextTestExecutionListener - Before test class: context [DefaultTestContext@5fa5ded3 testClass = PopulationControllerTest, testInstance = [null], testMethod = [null], testException = [null], mergedContextConfiguration = [WebMergedContextConfiguration@1a432016 testClass = PopulationControllerTest, locations = '{}', classes = '{class ke.co.lawrencekaranja.covidvaccinetracker.vaccinetracker.VaccinetrackerApplication}', contextInitializerClasses = '[]', activeProfiles = '{}', propertySourceLocations = '{}', propertySourceProperties = '{org.springframework.boot.test.context.SpringBootTestContextBootstrapper=true, server.port=0}', contextCustomizers = set[org.springframework.boot.test.autoconfigure.actuate.metrics.MetricsExportContextCustomizerFactory$DisableMetricExportContextCustomizer@4f84c5d8, org.springframework.boot.test.autoconfigure.properties.PropertyMappingContextCustomizer@0, org.springframework.boot.test.autoconfigure.web.servlet.WebDriverContextCustomizerFactory$Customizer@1ceaa2f4, org.springframework.boot.test.context.filter.ExcludeFilterContextCustomizer@7a9a4d2a, org.springframework.boot.test.json.DuplicateJsonObjectContextCustomizerFactory$DuplicateJsonObjectContextCustomizer@409ca830, org.springframework.boot.test.mock.mockito.MockitoContextCustomizer@0, org.springframework.boot.test.web.client.TestRestTemplateContextCustomizer@c281990, org.springframework.boot.test.context.SpringBootTestArgs@1, org.springframework.boot.test.context.SpringBootTestWebEnvironment@4b5ee333], resourceBasePath = 'src/main/webapp', contextLoader = 'org.springframework.boot.test.context.SpringBootContextLoader', parent = [null]], attributes = map['org.springframework.test.context.web.ServletTestExecutionListener.activateListener' -> false]], class annotated with @DirtiesContext [false] with mode [null].
14:44:56.677 [Test worker] DEBUG org.springframework.test.context.support.DependencyInjectionTestExecutionListener - Performing dependency injection for test context [[DefaultTestContext@5fa5ded3 testClass = PopulationControllerTest, testInstance = ke.co.lawrencekaranja.covidvaccinetracker.vaccinetracker.controllers.PopulationControllerTest@1e5baf04, testMethod = [null], testException = [null], mergedContextConfiguration = [WebMergedContextConfiguration@1a432016 testClass = PopulationControllerTest, locations = '{}', classes = '{class ke.co.lawrencekaranja.covidvaccinetracker.vaccinetracker.VaccinetrackerApplication}', contextInitializerClasses = '[]', activeProfiles = '{}', propertySourceLocations = '{}', propertySourceProperties = '{org.springframework.boot.test.context.SpringBootTestContextBootstrapper=true, server.port=0}', contextCustomizers = set[org.springframework.boot.test.autoconfigure.actuate.metrics.MetricsExportContextCustomizerFactory$DisableMetricExportContextCustomizer@4f84c5d8, org.springframework.boot.test.autoconfigure.properties.PropertyMappingContextCustomizer@0, org.springframework.boot.test.autoconfigure.web.servlet.WebDriverContextCustomizerFactory$Customizer@1ceaa2f4, org.springframework.boot.test.context.filter.ExcludeFilterContextCustomizer@7a9a4d2a, org.springframework.boot.test.json.DuplicateJsonObjectContextCustomizerFactory$DuplicateJsonObjectContextCustomizer@409ca830, org.springframework.boot.test.mock.mockito.MockitoContextCustomizer@0, org.springframework.boot.test.web.client.TestRestTemplateContextCustomizer@c281990, org.springframework.boot.test.context.SpringBootTestArgs@1, org.springframework.boot.test.context.SpringBootTestWebEnvironment@4b5ee333], resourceBasePath = 'src/main/webapp', contextLoader = 'org.springframework.boot.test.context.SpringBootContextLoader', parent = [null]], attributes = map['org.springframework.test.context.web.ServletTestExecutionListener.activateListener' -> false, 'org.springframework.test.context.event.ApplicationEventsTestExecutionListener.recordApplicationEvents' -> false]]].
14:44:56.723 [Test worker] DEBUG org.springframework.test.context.support.TestPropertySourceUtils - Adding inlined properties to environment: {spring.jmx.enabled=false, org.springframework.boot.test.context.SpringBootTestContextBootstrapper=true, server.port=0}

  .   ____          _            __ _ _
 /\\ / ___'_ __ _ _(_)_ __  __ _ \ \ \ \
( ( )\___ | '_ | '_| | '_ \/ _` | \ \ \ \
 \\/  ___)| |_)| | | | | || (_| |  ) ) ) )
  '  |____| .__|_| |_|_| |_\__, | / / / /
 =========|_|==============|___/=/_/_/_/
 :: Spring Boot ::                (v2.4.3)

2021-02-23 14:44:57.312  INFO 3641 --- [    Test worker] k.c.l.c.v.c.PopulationControllerTest     : Starting PopulationControllerTest using Java 15.0.1 on Zeuss-MacBook-Pro.local with PID 3641 (started by zeus in /Users/zeus/Documents/Personal/Backends/vaccinetracker)
2021-02-23 14:44:57.320  INFO 3641 --- [    Test worker] k.c.l.c.v.c.PopulationControllerTest     : No active profile set, falling back to default profiles: default
2021-02-23 14:44:58.784  INFO 3641 --- [    Test worker] .s.d.r.c.RepositoryConfigurationDelegate : Bootstrapping Spring Data JPA repositories in DEFAULT mode.
2021-02-23 14:44:58.856  INFO 3641 --- [    Test worker] .s.d.r.c.RepositoryConfigurationDelegate : Finished Spring Data repository scanning in 58 ms. Found 1 JPA repository interfaces.
2021-02-23 14:44:59.820  INFO 3641 --- [    Test worker] o.s.b.w.embedded.tomcat.TomcatWebServer  : Tomcat initialized with port(s): 0 (http)
2021-02-23 14:44:59.835  INFO 3641 --- [    Test worker] o.apache.catalina.core.StandardService   : Starting service [Tomcat]
2021-02-23 14:44:59.836  INFO 3641 --- [    Test worker] org.apache.catalina.core.StandardEngine  : Starting Servlet engine: [Apache Tomcat/9.0.43]
2021-02-23 14:44:59.999  INFO 3641 --- [    Test worker] o.a.c.c.C.[Tomcat].[localhost].[/]       : Initializing Spring embedded WebApplicationContext
2021-02-23 14:44:59.999  INFO 3641 --- [    Test worker] w.s.c.ServletWebServerApplicationContext : Root WebApplicationContext: initialization completed in 2627 ms
2021-02-23 14:45:00.616  INFO 3641 --- [    Test worker] com.zaxxer.hikari.HikariDataSource       : HikariPool-1 - Starting...
2021-02-23 14:45:00.768  INFO 3641 --- [    Test worker] com.zaxxer.hikari.HikariDataSource       : HikariPool-1 - Start completed.
2021-02-23 14:45:00.850  INFO 3641 --- [    Test worker] o.hibernate.jpa.internal.util.LogHelper  : HHH000204: Processing PersistenceUnitInfo [name: default]
2021-02-23 14:45:00.960  INFO 3641 --- [    Test worker] org.hibernate.Version                    : HHH000412: Hibernate ORM core version 5.4.28.Final
2021-02-23 14:45:01.216  INFO 3641 --- [    Test worker] o.hibernate.annotations.common.Version   : HCANN000001: Hibernate Commons Annotations {5.1.2.Final}
2021-02-23 14:45:01.419  INFO 3641 --- [    Test worker] org.hibernate.dialect.Dialect            : HHH000400: Using dialect: org.hibernate.dialect.PostgreSQL10Dialect
2021-02-23 14:45:02.354  INFO 3641 --- [    Test worker] o.h.e.t.j.p.i.JtaPlatformInitiator       : HHH000490: Using JtaPlatform implementation: [org.hibernate.engine.transaction.jta.platform.internal.NoJtaPlatform]
2021-02-23 14:45:02.383  INFO 3641 --- [    Test worker] j.LocalContainerEntityManagerFactoryBean : Initialized JPA EntityManagerFactory for persistence unit 'default'
2021-02-23 14:45:02.831  WARN 3641 --- [    Test worker] JpaBaseConfiguration$JpaWebConfiguration : spring.jpa.open-in-view is enabled by default. Therefore, database queries may be performed during view rendering. Explicitly configure spring.jpa.open-in-view to disable this warning
2021-02-23 14:45:03.233  INFO 3641 --- [    Test worker] o.s.s.concurrent.ThreadPoolTaskExecutor  : Initializing ExecutorService 'applicationTaskExecutor'
2021-02-23 14:45:04.606  INFO 3641 --- [    Test worker] o.s.b.a.e.web.EndpointLinksResolver      : Exposing 2 endpoint(s) beneath base path '/actuator'
2021-02-23 14:45:04.787  INFO 3641 --- [    Test worker] o.s.b.w.embedded.tomcat.TomcatWebServer  : Tomcat started on port(s): 51003 (http) with context path ''
2021-02-23 14:45:04.817  INFO 3641 --- [    Test worker] k.c.l.c.v.c.PopulationControllerTest     : Started PopulationControllerTest in 8.088 seconds (JVM running for 9.953)
]]></system-out>
  <system-err><![CDATA[]]></system-err>
</testsuite>
